{
  "stats": {
    "suites": 1,
    "tests": 2,
    "passes": 2,
    "pending": 0,
    "failures": 0,
    "start": "2023-05-22T17:09:05.682Z",
    "end": "2023-05-22T17:09:20.120Z",
    "duration": 14438,
    "testsRegistered": 2,
    "passPercent": 100,
    "pendingPercent": 0,
    "other": 0,
    "hasOther": false,
    "skipped": 0,
    "hasSkipped": false
  },
  "results": [
    {
      "uuid": "0791c29b-35d6-42d3-bc37-0df00aefcceb",
      "title": "",
      "fullFile": "cypress\\e2e\\feed.cy.js",
      "file": "cypress\\e2e\\feed.cy.js",
      "beforeHooks": [],
      "afterHooks": [],
      "tests": [],
      "suites": [
        {
          "uuid": "7cca5159-dc97-494c-ba68-f7ad712ab524",
          "title": "feed",
          "fullFile": "",
          "file": "",
          "beforeHooks": [],
          "afterHooks": [],
          "tests": [
            {
              "title": "should validate global feed likes count",
              "fullTitle": "feed should validate global feed likes count",
              "timedOut": null,
              "duration": 2442,
              "state": "passed",
              "speed": "fast",
              "pass": true,
              "fail": false,
              "pending": false,
              "context": null,
              "code": "cy.intercept('GET', 'https://api.realworld.io/api/articles/feed*', {\n  \"articles\": [],\n  \"articlesCount\": 0\n});\ncy.intercept('GET', 'https://api.realworld.io/api/articles*', {\n  fixture: 'articles.json'\n});\ncy.contains('Global Feed').click();\n// cy.wait(5)\ncy.get('app-article-list button').should('be.visible').then(likes => {\n  expect(likes[0]).to.contain(' 1 ');\n  expect(likes[1]).to.contain(' 5 ');\n});\ncy.fixture('articles').then(file => {\n  const id = file.articles[1].slug;\n  file.articles[1].favoritesCount = 6;\n  cy.log(id);\n  cy.log(file.articles[1].favoritesCount);\n  cy.intercept('POST', 'https://api.realworld.io/api/articles/' + id + '/favorite', file);\n});\ncy.get('app-article-list button').eq(1).click().should('contain', '6');",
              "err": {},
              "uuid": "f9da35cc-1349-46aa-b18b-35e9de87cdb4",
              "parentUUID": "7cca5159-dc97-494c-ba68-f7ad712ab524",
              "isHook": false,
              "skipped": false
            },
            {
              "title": "should delete new article from global feed",
              "fullTitle": "feed should delete new article from global feed",
              "timedOut": null,
              "duration": 4666,
              "state": "passed",
              "speed": "fast",
              "pass": true,
              "fail": false,
              "pending": false,
              "context": null,
              "code": "cy.get('@token').then(token => {\n  const payload = {\n    \"article\": {\n      \"tagList\": [\"#newarticle\"],\n      \"title\": \"A cool title over here\",\n      \"description\": \"An awesome description over here\",\n      \"body\": \"A body of description right here\"\n    }\n  };\n  cy.request({\n    url: 'https://api.realworld.io/api/articles/',\n    headers: {\n      'Authorization': 'Token ' + token\n    },\n    method: 'POST',\n    body: payload\n  }).then(response => {\n    expect(response.status).to.equal(200);\n  });\n  cy.contains('Global Feed').click();\n  cy.get('.article-preview').first().click();\n  cy.get('.article-meta button').contains(' Delete Article ').click();\n  cy.request({\n    url: Cypress.env('apiUrl') + '/api/articles?limit=10&offset=0',\n    headers: {\n      'Authorization': 'Token' + token\n    },\n    method: 'GET'\n  }).its('body').then(body => {\n    // console.log(body)\n    expect(body.articles[0].title).not.to.equal(payload.article.title);\n  });\n});",
              "err": {},
              "uuid": "37b2f8d0-55e5-4de8-b523-7fe6818d7e8d",
              "parentUUID": "7cca5159-dc97-494c-ba68-f7ad712ab524",
              "isHook": false,
              "skipped": false
            }
          ],
          "suites": [],
          "passes": [
            "f9da35cc-1349-46aa-b18b-35e9de87cdb4",
            "37b2f8d0-55e5-4de8-b523-7fe6818d7e8d"
          ],
          "failures": [],
          "pending": [],
          "skipped": [],
          "duration": 7108,
          "root": false,
          "rootEmpty": false,
          "_timeout": 2000
        }
      ],
      "passes": [],
      "failures": [],
      "pending": [],
      "skipped": [],
      "duration": 0,
      "root": true,
      "rootEmpty": true,
      "_timeout": 2000
    }
  ],
  "meta": {
    "mocha": {
      "version": "7.0.1"
    },
    "mochawesome": {
      "options": {
        "quiet": false,
        "reportFilename": "mochawesome",
        "saveHtml": false,
        "saveJson": true,
        "consoleReporter": "spec",
        "useInlineDiffs": false,
        "code": true
      },
      "version": "7.1.3"
    },
    "marge": {
      "options": {
        "id": "default",
        "reportDir": "cypress/results",
        "overwrite": false,
        "html": false,
        "json": true
      },
      "version": "6.2.0"
    }
  }
}