{
  "stats": {
    "suites": 1,
    "tests": 2,
    "passes": 2,
    "pending": 0,
    "failures": 0,
    "start": "2023-05-22T17:09:24.543Z",
    "end": "2023-05-22T17:09:28.707Z",
    "duration": 4164,
    "testsRegistered": 2,
    "passPercent": 100,
    "pendingPercent": 0,
    "other": 0,
    "hasOther": false,
    "skipped": 0,
    "hasSkipped": false
  },
  "results": [
    {
      "uuid": "845c7fff-b0ac-4966-9f37-c7d1c2f02b5f",
      "title": "",
      "fullFile": "cypress\\e2e\\signin.cy.js",
      "file": "cypress\\e2e\\signin.cy.js",
      "beforeHooks": [],
      "afterHooks": [],
      "tests": [],
      "suites": [
        {
          "uuid": "22c12826-92f9-4920-9909-68d06a4963f4",
          "title": "login",
          "fullFile": "",
          "file": "",
          "beforeHooks": [],
          "afterHooks": [],
          "tests": [
            {
              "title": "should log in",
              "fullTitle": "login should log in",
              "timedOut": null,
              "duration": 2536,
              "state": "passed",
              "speed": "fast",
              "pass": true,
              "fail": false,
              "pending": false,
              "context": null,
              "code": "cy.get('.navbar-nav').find('a[href*=\"/profile\"]').should('contain', (0, _helpers.username)());\ncy.log('Hooray we logged in!');",
              "err": {},
              "uuid": "c1c02171-62ef-4f99-b66d-887d3b0520bb",
              "parentUUID": "22c12826-92f9-4920-9909-68d06a4963f4",
              "isHook": false,
              "skipped": false
            },
            {
              "title": "should log out",
              "fullTitle": "login should log out",
              "timedOut": null,
              "duration": 1564,
              "state": "passed",
              "speed": "fast",
              "pass": true,
              "fail": false,
              "pending": false,
              "context": null,
              "code": "let text = ' Or click here to logout. ';\ncy.contains('Settings').click();\ncy.contains(text).click();\ncy.get('.navbar-nav').find('a[href=\"/login\"]').should('contain', 'Sign in');",
              "err": {},
              "uuid": "aa637a19-1dbb-457e-b95e-809e3ac20f7f",
              "parentUUID": "22c12826-92f9-4920-9909-68d06a4963f4",
              "isHook": false,
              "skipped": false
            }
          ],
          "suites": [],
          "passes": [
            "c1c02171-62ef-4f99-b66d-887d3b0520bb",
            "aa637a19-1dbb-457e-b95e-809e3ac20f7f"
          ],
          "failures": [],
          "pending": [],
          "skipped": [],
          "duration": 4100,
          "root": false,
          "rootEmpty": false,
          "_timeout": 2000
        }
      ],
      "passes": [],
      "failures": [],
      "pending": [],
      "skipped": [],
      "duration": 0,
      "root": true,
      "rootEmpty": true,
      "_timeout": 2000
    }
  ],
  "meta": {
    "mocha": {
      "version": "7.0.1"
    },
    "mochawesome": {
      "options": {
        "quiet": false,
        "reportFilename": "mochawesome",
        "saveHtml": false,
        "saveJson": true,
        "consoleReporter": "spec",
        "useInlineDiffs": false,
        "code": true
      },
      "version": "7.1.3"
    },
    "marge": {
      "options": {
        "id": "default",
        "reportDir": "cypress/results",
        "overwrite": false,
        "html": false,
        "json": true
      },
      "version": "6.2.0"
    }
  }
}