<?xml version="1.0" encoding="UTF-8"?>
<testsuites name="Mocha Tests" time="9.183" tests="1" failures="0">
  <testsuite name="Root Suite" timestamp="2023-05-22T17:08:51" tests="0" file="cypress\e2e\editor.cy.js" time="0.000" failures="0">
  </testsuite>
  <testsuite name="articles" timestamp="2023-05-22T17:08:51" tests="1" time="9.156" failures="0">
    <testcase name="articles should create an article" time="9.036" classname="should create an article">
    </testcase>
  </testsuite>
</testsuites>